2012-12-17 10:45:25,555 ERROR [main] - System.err - [org.eclipse.jdt.launching] error can't determine modifiers of missing type org.eclipse.pde.internal.ui.wizards.imports.PluginImportHelper
when weaving type org.eclipse.jdt.launching.JavaRuntime
when weaving classes 
when weaving 
 [Xlint:cantFindType]
2012-12-17 10:46:22,411 ERROR [main] - System.err - [org.eclipse.jdt.debug.ui] error can't determine modifiers of missing type org.eclipse.pde.internal.ui.wizards.imports.PluginImportHelper
when weaving type org.eclipse.jdt.internal.debug.ui.actions.ToggleBreakpointAdapter
when weaving classes 
when weaving 
 [Xlint:cantFindType]
2012-12-17 11:30:41,630 ERROR [main] - org.scala-ide.sdt.core - org.scala-ide.sdt.core - org.scala-ide.sdt.core - 0 - Error during askOption
scala.reflect.internal.MissingRequirementError: object java.util.List<java.lang.String> in compiler mirror not found.
	at scala.reflect.internal.MissingRequirementError$.signal(MissingRequirementError.scala:16)
	at scala.reflect.internal.MissingRequirementError$.notFound(MissingRequirementError.scala:17)
	at scala.reflect.internal.Mirrors$RootsBase.getModuleOrClass(Mirrors.scala:48)
	at scala.reflect.internal.Mirrors$RootsBase.getModuleOrClass(Mirrors.scala:40)
	at scala.reflect.internal.Mirrors$RootsBase.getModuleOrClass(Mirrors.scala:40)
	at scala.reflect.internal.Mirrors$RootsBase.getModuleOrClass(Mirrors.scala:61)
	at scala.reflect.internal.Mirrors$RootsBase.getClassByName(Mirrors.scala:99)
	at scala.reflect.internal.Definitions$DefinitionsClass.getClass(Definitions.scala:1004)
	at scala.tools.eclipse.completion.ScalaJavaCompletionProposalComputer$$anonfun$1$$anonfun$apply$1.apply(ScalaJavaCompletionProposalComputer.scala:123)
	at scala.tools.eclipse.completion.ScalaJavaCompletionProposalComputer$$anonfun$1$$anonfun$apply$1.apply(ScalaJavaCompletionProposalComputer.scala:122)
	at scala.tools.nsc.util.InterruptReq.execute(InterruptReq.scala:26)
	at scala.tools.nsc.interactive.Global.pollForWork(Global.scala:331)
	at scala.tools.nsc.interactive.PresentationCompilerThread.run(PresentationCompilerThread.scala:22)
2012-12-17 11:34:16,103 ERROR [main] - org.scala-ide.sdt.core - org.scala-ide.sdt.core - org.scala-ide.sdt.core - 0 - Error during askOption
scala.reflect.internal.MissingRequirementError: class void in compiler mirror not found.
	at scala.reflect.internal.MissingRequirementError$.signal(MissingRequirementError.scala:16)
	at scala.reflect.internal.MissingRequirementError$.notFound(MissingRequirementError.scala:17)
	at scala.reflect.internal.Mirrors$RootsBase.getModuleOrClass(Mirrors.scala:48)
	at scala.reflect.internal.Mirrors$RootsBase.getModuleOrClass(Mirrors.scala:61)
	at scala.reflect.internal.Mirrors$RootsBase.getClassByName(Mirrors.scala:99)
	at scala.reflect.internal.Definitions$DefinitionsClass.getClass(Definitions.scala:1004)
	at scala.tools.eclipse.completion.ScalaJavaCompletionProposalComputer$$anonfun$1$$anonfun$apply$1.apply(ScalaJavaCompletionProposalComputer.scala:123)
	at scala.tools.eclipse.completion.ScalaJavaCompletionProposalComputer$$anonfun$1$$anonfun$apply$1.apply(ScalaJavaCompletionProposalComputer.scala:122)
	at scala.tools.nsc.util.InterruptReq.execute(InterruptReq.scala:26)
	at scala.tools.nsc.interactive.Global.pollForWork(Global.scala:331)
	at scala.tools.nsc.interactive.PresentationCompilerThread.run(PresentationCompilerThread.scala:22)
2012-12-17 11:38:38,408 ERROR [main] - org.scala-ide.sdt.core - org.scala-ide.sdt.core - org.scala-ide.sdt.core - 0 - Error during askOption
scala.reflect.internal.MissingRequirementError: object java.util.List<java.lang.String> in compiler mirror not found.
	at scala.reflect.internal.MissingRequirementError$.signal(MissingRequirementError.scala:16)
	at scala.reflect.internal.MissingRequirementError$.notFound(MissingRequirementError.scala:17)
	at scala.reflect.internal.Mirrors$RootsBase.getModuleOrClass(Mirrors.scala:48)
	at scala.reflect.internal.Mirrors$RootsBase.getModuleOrClass(Mirrors.scala:40)
	at scala.reflect.internal.Mirrors$RootsBase.getModuleOrClass(Mirrors.scala:40)
	at scala.reflect.internal.Mirrors$RootsBase.getModuleOrClass(Mirrors.scala:61)
	at scala.reflect.internal.Mirrors$RootsBase.getClassByName(Mirrors.scala:99)
	at scala.reflect.internal.Definitions$DefinitionsClass.getClass(Definitions.scala:1004)
	at scala.tools.eclipse.completion.ScalaJavaCompletionProposalComputer$$anonfun$1$$anonfun$apply$1.apply(ScalaJavaCompletionProposalComputer.scala:123)
	at scala.tools.eclipse.completion.ScalaJavaCompletionProposalComputer$$anonfun$1$$anonfun$apply$1.apply(ScalaJavaCompletionProposalComputer.scala:122)
	at scala.tools.nsc.util.InterruptReq.execute(InterruptReq.scala:26)
	at scala.tools.nsc.interactive.Global.pollForWork(Global.scala:331)
	at scala.tools.nsc.interactive.PresentationCompilerThread.run(PresentationCompilerThread.scala:22)
